app/build/intermediates/manifest_merge_blame_file/debug/manifest-merger-blame-debug-report.txt
1<?xml version="1.0" encoding="utf-8"?>
2<manifest xmlns:android="http://schemas.android.com/apk/res/android"
3    package="com.example.seminar3"
4    android:versionCode="1"
5    android:versionName="1.0" >
6
7    <uses-sdk
8        android:minSdkVersion="26"
8-->src\main\AndroidManifest.xml
9        android:targetSdkVersion="32" />
9-->src\main\AndroidManifest.xml
10
11    <uses-permission android:name="android.permission.INTERNET" />
11-->src\main\AndroidManifest.xml:5:5-66
11-->src\main\AndroidManifest.xml:5:22-64
12
13    <application
13-->src\main\AndroidManifest.xml:7:5-32:19
14        android:allowBackup="true"
14-->src\main\AndroidManifest.xml:8:9-35
15        android:appComponentFactory="androidx.core.app.CoreComponentFactory"
15-->[androidx.core:core:1.7.0] AndroidManifest.xml:24:18-86
16        android:debuggable="true"
17        android:extractNativeLibs="false"
18        android:icon="@mipmap/ic_launcher"
18-->src\main\AndroidManifest.xml:10:9-43
19        android:label="@string/app_name"
19-->src\main\AndroidManifest.xml:11:9-41
20        android:roundIcon="@mipmap/ic_launcher_round"
20-->src\main\AndroidManifest.xml:12:9-54
21        android:supportsRtl="true"
21-->src\main\AndroidManifest.xml:13:9-35
22        android:testOnly="true"
23        android:theme="@style/Theme.Seminar3"
23-->src\main\AndroidManifest.xml:14:9-46
24        android:usesCleartextTraffic="true" >
24-->src\main\AndroidManifest.xml:9:9-44
25        <activity
25-->src\main\AndroidManifest.xml:16:9-19:20
26            android:name="com.example.seminar3.activity.MainActivity"
26-->src\main\AndroidManifest.xml:17:13-50
27            android:exported="true" >
27-->src\main\AndroidManifest.xml:18:13-36
28        </activity>
29        <activity
29-->src\main\AndroidManifest.xml:20:9-27:20
30            android:name="com.example.seminar3.activity.SignInActivity"
30-->src\main\AndroidManifest.xml:20:19-58
31            android:exported="true" >
31-->src\main\AndroidManifest.xml:21:13-36
32            <intent-filter>
32-->src\main\AndroidManifest.xml:22:13-26:29
33                <action android:name="android.intent.action.MAIN" />
33-->src\main\AndroidManifest.xml:23:17-69
33-->src\main\AndroidManifest.xml:23:25-66
34
35                <category android:name="android.intent.category.LAUNCHER" />
35-->src\main\AndroidManifest.xml:25:17-77
35-->src\main\AndroidManifest.xml:25:27-74
36            </intent-filter>
37        </activity>
38        <activity android:name="com.example.seminar3.activity.SignUpActivity" >
38-->src\main\AndroidManifest.xml:28:9-29:20
38-->src\main\AndroidManifest.xml:28:19-58
39        </activity>
40        <activity android:name="com.example.seminar3.activity.HomeActivity" >
40-->src\main\AndroidManifest.xml:30:9-31:20
40-->src\main\AndroidManifest.xml:30:19-56
41        </activity>
42
43        <provider
43-->[androidx.emoji2:emoji2:1.0.0] AndroidManifest.xml:26:9-34:20
44            android:name="androidx.startup.InitializationProvider"
44-->[androidx.emoji2:emoji2:1.0.0] AndroidManifest.xml:27:13-67
45            android:authorities="com.example.seminar3.androidx-startup"
45-->[androidx.emoji2:emoji2:1.0.0] AndroidManifest.xml:28:13-68
46            android:exported="false" >
46-->[androidx.emoji2:emoji2:1.0.0] AndroidManifest.xml:29:13-37
47            <meta-data
47-->[androidx.emoji2:emoji2:1.0.0] AndroidManifest.xml:31:13-33:52
48                android:name="androidx.emoji2.text.EmojiCompatInitializer"
48-->[androidx.emoji2:emoji2:1.0.0] AndroidManifest.xml:32:17-75
49                android:value="androidx.startup" />
49-->[androidx.emoji2:emoji2:1.0.0] AndroidManifest.xml:33:17-49
50            <meta-data
50-->[androidx.lifecycle:lifecycle-process:2.4.0] AndroidManifest.xml:31:13-33:52
51                android:name="androidx.lifecycle.ProcessLifecycleInitializer"
51-->[androidx.lifecycle:lifecycle-process:2.4.0] AndroidManifest.xml:32:17-78
52                android:value="androidx.startup" />
52-->[androidx.lifecycle:lifecycle-process:2.4.0] AndroidManifest.xml:33:17-49
53        </provider>
54    </application>
55
56</manifest>